<?xml version="1.0" encoding="UTF-8"?>
<!-- Generated by org.testng.reporters.JUnitReportReporter -->
<testsuite hostname="VAD011020105" name="Demo" tests="2" failures="0" timestamp="29 Jun 2018 12:25:21 GMT" time="0.065" errors="0">
  <testcase name="F2" time="0.004" classname="Demo"/>
  <testcase name="F1" time="0.061" classname="Demo"/>
</testsuite> <!-- Demo -->
