<?xml version="1.0" encoding="UTF-8"?>
<!-- Generated by org.testng.reporters.JUnitReportReporter -->
<testsuite hostname="VAD011020105" name="COM.Demo" tests="2" failures="0" timestamp="29 Jun 2018 12:59:17 GMT" time="51.587" errors="1">
  <testcase name="Fun1" time="48.844" classname="COM.Demo">
    <error type="org.openqa.selenium.WebDriverException" message="Failed to connect to binary FirefoxBinary(C:\Program Files (x86)\Mozilla Firefox\firefox.exe) on port 7055; process output follows: 
JavaScript error: resource://gre/modules/AddonManager.jsm, line 1619543:0 27N7S1_0E9R6R3O3R	_dNdOoTns_.mNanIaTgIeArL	IDZEEBDU:G 	AAdpdpolniMcaantaigoenr  hiass  nboete ni nuiptgiraaldiezded
1
530277109635	addons.manager	ERROR	startup failed: [Exception... &quot;Component returned failure code: 0x80520015 (NS_ERROR_FILE_ACCESS_DENIED) [nsIFile.create]&quot;  nsresult: &quot;0x80520015 (NS_ERROR_FILE_ACCESS_DENIED)&quot;  location: &quot;JS frame :: resource://gre/modules/FileUtils.jsm :: FileUtils_getDir :: line 70&quot;  data: no] Stack trace: FileUtils_getDir()@resource://gre/modules/FileUtils.jsm:70 &lt; FileUtils_getFile()@resource://gre/modules/FileUtils.jsm:42 &lt; AMI_validateBlocklist()@resource://gre/modules/AddonManager.jsm:738 &lt; AMI_startup()@resource://gre/modules/AddonManager.jsm:898 &lt; AMP_startup()@resource://gre/modules/AddonManager.jsm:2673 &lt; AMC_observe()@resource://gre/components/addonManager.js:58 &lt; &lt;file:unknown&gt;
1530277109636	addons.manager	DEBUG	Completed startup sequence
JavaScript error: resource:///modules/devtools/gDevTools.jsm, line 967: NS_ERROR_UNEXPECTED: Component returned failure code: 0x8000ffff (NS_ERROR_UNEXPECTED) [nsIPrefBranch.getCharPref]

Build info: version: &#039;2.53.0&#039;, revision: &#039;35ae25b&#039;, time: &#039;2016-03-15 17:00:58&#039;
System info: host: &#039;VAD011020105&#039;, ip: &#039;204.61.66.5&#039;, os.name: &#039;Windows 7&#039;, os.arch: &#039;amd64&#039;, os.version: &#039;6.1&#039;, java.version: &#039;1.7.0_45&#039;
Driver info: driver.version: FirefoxDriver">
      <![CDATA[org.openqa.selenium.WebDriverException: Failed to connect to binary FirefoxBinary(C:\Program Files (x86)\Mozilla Firefox\firefox.exe) on port 7055; process output follows: 
JavaScript error: resource://gre/modules/AddonManager.jsm, line 1619543:0 27N7S1_0E9R6R3O3R	_dNdOoTns_.mNanIaTgIeArL	IDZEEBDU:G 	AAdpdpolniMcaantaigoenr  hiass  nboete ni nuiptgiraaldiezded
1
530277109635	addons.manager	ERROR	startup failed: [Exception... "Component returned failure code: 0x80520015 (NS_ERROR_FILE_ACCESS_DENIED) [nsIFile.create]"  nsresult: "0x80520015 (NS_ERROR_FILE_ACCESS_DENIED)"  location: "JS frame :: resource://gre/modules/FileUtils.jsm :: FileUtils_getDir :: line 70"  data: no] Stack trace: FileUtils_getDir()@resource://gre/modules/FileUtils.jsm:70 < FileUtils_getFile()@resource://gre/modules/FileUtils.jsm:42 < AMI_validateBlocklist()@resource://gre/modules/AddonManager.jsm:738 < AMI_startup()@resource://gre/modules/AddonManager.jsm:898 < AMP_startup()@resource://gre/modules/AddonManager.jsm:2673 < AMC_observe()@resource://gre/components/addonManager.js:58 < <file:unknown>
1530277109636	addons.manager	DEBUG	Completed startup sequence
JavaScript error: resource:///modules/devtools/gDevTools.jsm, line 967: NS_ERROR_UNEXPECTED: Component returned failure code: 0x8000ffff (NS_ERROR_UNEXPECTED) [nsIPrefBranch.getCharPref]

Build info: version: '2.53.0', revision: '35ae25b', time: '2016-03-15 17:00:58'
System info: host: 'VAD011020105', ip: '204.61.66.5', os.name: 'Windows 7', os.arch: 'amd64', os.version: '6.1', java.version: '1.7.0_45'
Driver info: driver.version: FirefoxDriver
	at org.openqa.selenium.firefox.internal.NewProfileExtensionConnection.start(NewProfileExtensionConnection.java:124)
	at org.openqa.selenium.firefox.FirefoxDriver.startClient(FirefoxDriver.java:271)
	at org.openqa.selenium.remote.RemoteWebDriver.<init>(RemoteWebDriver.java:119)
	at org.openqa.selenium.firefox.FirefoxDriver.<init>(FirefoxDriver.java:218)
	at org.openqa.selenium.firefox.FirefoxDriver.<init>(FirefoxDriver.java:211)
	at org.openqa.selenium.firefox.FirefoxDriver.<init>(FirefoxDriver.java:207)
	at org.openqa.selenium.firefox.FirefoxDriver.<init>(FirefoxDriver.java:120)
	at COM.Demo.Fun1(Demo.java:17)
	at sun.reflect.NativeMethodAccessorImpl.invoke0(Native Method)
	at sun.reflect.NativeMethodAccessorImpl.invoke(NativeMethodAccessorImpl.java:57)
	at sun.reflect.DelegatingMethodAccessorImpl.invoke(DelegatingMethodAccessorImpl.java:43)
	at java.lang.reflect.Method.invoke(Method.java:606)
	at org.testng.internal.MethodInvocationHelper.invokeMethod(MethodInvocationHelper.java:85)
	at org.testng.internal.Invoker.invokeMethod(Invoker.java:639)
	at org.testng.internal.Invoker.invokeTestMethod(Invoker.java:816)
	at org.testng.internal.Invoker.invokeTestMethods(Invoker.java:1124)
	at org.testng.internal.TestMethodWorker.invokeTestMethods(TestMethodWorker.java:125)
	at org.testng.internal.TestMethodWorker.run(TestMethodWorker.java:108)
	at org.testng.TestRunner.privateRun(TestRunner.java:774)
	at org.testng.TestRunner.run(TestRunner.java:624)
	at org.testng.SuiteRunner.runTest(SuiteRunner.java:359)
	at org.testng.SuiteRunner.runSequentially(SuiteRunner.java:354)
	at org.testng.SuiteRunner.privateRun(SuiteRunner.java:312)
	at org.testng.SuiteRunner.run(SuiteRunner.java:261)
	at org.testng.SuiteRunnerWorker.runSuite(SuiteRunnerWorker.java:52)
	at org.testng.SuiteRunnerWorker.run(SuiteRunnerWorker.java:86)
	at org.testng.TestNG.runSuitesSequentially(TestNG.java:1215)
	at org.testng.TestNG.runSuitesLocally(TestNG.java:1140)
	at org.testng.TestNG.run(TestNG.java:1048)
	at org.testng.remote.AbstractRemoteTestNG.run(AbstractRemoteTestNG.java:114)
	at org.testng.remote.RemoteTestNG.initAndRun(RemoteTestNG.java:251)
	at org.testng.remote.RemoteTestNG.main(RemoteTestNG.java:77)
Caused by: org.openqa.selenium.firefox.NotConnectedException: Unable to connect to host 127.0.0.1 on port 7055 after 45000 ms. Firefox console output:
JavaScript error: resource://gre/modules/AddonManager.jsm, line 1619543:0 27N7S1_0E9R6R3O3R	_dNdOoTns_.mNanIaTgIeArL	IDZEEBDU:G 	AAdpdpolniMcaantaigoenr  hiass  nboete ni nuiptgiraaldiezded
1
530277109635	addons.manager	ERROR	startup failed: [Exception... "Component returned failure code: 0x80520015 (NS_ERROR_FILE_ACCESS_DENIED) [nsIFile.create]"  nsresult: "0x80520015 (NS_ERROR_FILE_ACCESS_DENIED)"  location: "JS frame :: resource://gre/modules/FileUtils.jsm :: FileUtils_getDir :: line 70"  data: no] Stack trace: FileUtils_getDir()@resource://gre/modules/FileUtils.jsm:70 < FileUtils_getFile()@resource://gre/modules/FileUtils.jsm:42 < AMI_validateBlocklist()@resource://gre/modules/AddonManager.jsm:738 < AMI_startup()@resource://gre/modules/AddonManager.jsm:898 < AMP_startup()@resource://gre/modules/AddonManager.jsm:2673 < AMC_observe()@resource://gre/components/addonManager.js:58 < <file:unknown>
1530277109636	addons.manager	DEBUG	Completed startup sequence
JavaScript error: resource:///modules/devtools/gDevTools.jsm, line 967: NS_ERROR_UNEXPECTED: Component returned failure code: 0x8000ffff (NS_ERROR_UNEXPECTED) [nsIPrefBranch.getCharPref]

	at org.openqa.selenium.firefox.internal.NewProfileExtensionConnection.start(NewProfileExtensionConnection.java:112)
	... 31 more
]]>
    </error>
  </testcase> <!-- Fun1 -->
  <testcase name="Fun2" time="2.743" classname="COM.Demo"/>
</testsuite> <!-- COM.Demo -->
