<?xml version="1.0" encoding="UTF-8"?>
<!-- Generated by org.testng.reporters.JUnitReportReporter -->
<testsuite name="Task2.Get_Value" tests="1" time="0.007" ignored="0" failures="0" timestamp="22 Aug 2018 10:17:29 GMT" skipped="0" hostname="VAD011020721" errors="0">
  <testcase name="t1" time="0.007" classname="Task2.Get_Value"/>
</testsuite> <!-- Task2.Get_Value -->
