<?xml version="1.0" encoding="UTF-8"?>
<!-- Generated by org.testng.reporters.JUnitReportReporter -->
<testsuite name="test1.com.Test101" tests="1" time="2.015" ignored="0" failures="0" timestamp="09 Aug 2018 06:41:34 GMT" skipped="0" hostname="VAD011020721" errors="0">
  <testcase name="sts" time="2.015" classname="test1.com.Test101"/>
</testsuite> <!-- test1.com.Test101 -->
