<?xml version="1.0" encoding="UTF-8"?>
<!-- Generated by org.testng.reporters.JUnitReportReporter -->
<testsuite name="Task1.Retrieve_Variable" tests="1" time="0.012" ignored="0" failures="0" timestamp="21 Aug 2018 14:02:04 GMT" skipped="0" hostname="VAD011020721" errors="0">
  <testcase name="test1" time="0.012" classname="Task1.Retrieve_Variable"/>
</testsuite> <!-- Task1.Retrieve_Variable -->
