<?xml version="1.0" encoding="UTF-8"?>
<!-- Generated by org.testng.reporters.JUnitReportReporter -->
<testsuite name="test1.com.Test_Browser" tests="1" time="3.055" ignored="0" failures="0" timestamp="09 Aug 2018 06:41:34 GMT" skipped="0" hostname="VAD011020721" errors="0">
  <testcase name="launch" time="3.055" classname="test1.com.Test_Browser"/>
</testsuite> <!-- test1.com.Test_Browser -->
