<?xml version="1.0" encoding="UTF-8"?>
<!-- Generated by org.testng.reporters.JUnitReportReporter -->
<testsuite name="Task3.R3" tests="1" time="0.014" ignored="0" failures="0" timestamp="23 Aug 2018 08:16:46 GMT" skipped="0" hostname="VAD011020721" errors="0">
  <testcase name="r3_retv" time="0.014" classname="Task3.R3"/>
</testsuite> <!-- Task3.R3 -->
