<?xml version="1.0" encoding="UTF-8"?>
<!-- Generated by org.testng.reporters.JUnitReportReporter -->
<testsuite name="test1.com.Test_Browser" tests="1" time="0.002" ignored="0" failures="0" timestamp="09 Aug 2018 12:56:58 GMT" skipped="1" hostname="VAD011020721" errors="0">
  <testcase name="launch" time="0.002" classname="test1.com.Test_Browser">
    <skipped/>
  </testcase> <!-- launch -->
</testsuite> <!-- test1.com.Test_Browser -->
