<?xml version="1.0" encoding="UTF-8"?>
<!-- Generated by org.testng.reporters.JUnitReportReporter -->
<testsuite name="Drp_1" tests="1" time="3.192" ignored="0" failures="0" timestamp="10 Aug 2018 09:09:50 GMT" skipped="0" hostname="VAD011020721" errors="0">
  <testcase name="htm" time="3.192" classname="Drp_1"/>
</testsuite> <!-- Drp_1 -->
