<?xml version="1.0" encoding="UTF-8"?>
<!-- Generated by org.testng.reporters.JUnitReportReporter -->
<testsuite name="Task3.R1" tests="1" time="0.013" ignored="0" failures="0" timestamp="22 Aug 2018 12:40:03 GMT" skipped="0" hostname="VAD011020721" errors="0">
  <testcase name="change_value" time="0.013" classname="Task3.R1"/>
</testsuite> <!-- Task3.R1 -->
