<?xml version="1.0" encoding="UTF-8"?>
<!-- Generated by org.testng.reporters.JUnitReportReporter -->
<testsuite name="com.count_annotation.Test4" tests="5" time="0.025" ignored="0" failures="0" timestamp="21 Aug 2018 13:10:42 GMT" skipped="0" hostname="VAD011020721" errors="0">
  <testcase name="t2" time="0.007" classname="com.count_annotation.Test4"/>
  <testcase name="t5" time="0.001" classname="com.count_annotation.Test4"/>
  <testcase name="t1" time="0.012" classname="com.count_annotation.Test4"/>
  <testcase name="t3" time="0.002" classname="com.count_annotation.Test4"/>
  <testcase name="t4" time="0.003" classname="com.count_annotation.Test4"/>
</testsuite> <!-- com.count_annotation.Test4 -->
