<?xml version="1.0" encoding="UTF-8"?>
<!-- Generated by org.testng.reporters.JUnitReportReporter -->
<testsuite name="test1.com.Test910" tests="1" time="0.001" ignored="0" failures="0" timestamp="09 Aug 2018 12:54:54 GMT" skipped="1" hostname="VAD011020721" errors="0">
  <testcase name="sts" time="0.001" classname="test1.com.Test910">
    <skipped/>
  </testcase> <!-- sts -->
</testsuite> <!-- test1.com.Test910 -->
